{"level":"info","message":"Server started!","timestamp":"Tue May 24 2016 22:58:27 GMT+0300 (EEST)"}
{"level":"info","message":"request: method - GET | url - /","timestamp":"Tue May 24 2016 22:58:39 GMT+0300 (EEST)"}
{"level":"info","message":"response : res.code - 200| res.sendDate - true","timestamp":"Tue May 24 2016 22:58:39 GMT+0300 (EEST)"}
{"level":"info","message":"request: method - GET | url - /favicon.ico","timestamp":"Tue May 24 2016 22:58:39 GMT+0300 (EEST)"}
{"level":"info","message":"request: method - GET | url - /person","timestamp":"Tue May 24 2016 22:58:45 GMT+0300 (EEST)"}
{"level":"info","message":"Data from person Handler : \"{\\\"name\\\":\\\"notvova\\\",\\\"age\\\":19}\"","timestamp":"Tue May 24 2016 22:58:45 GMT+0300 (EEST)"}
{"level":"info","message":"response : res.code - 200| res.sendDate - true","timestamp":"Tue May 24 2016 22:58:45 GMT+0300 (EEST)"}
{"level":"info","message":"request: method - GET | url - /favicon.ico","timestamp":"Tue May 24 2016 22:58:45 GMT+0300 (EEST)"}
{"level":"info","message":"request: method - POST | url - /person","timestamp":"Tue May 24 2016 22:59:07 GMT+0300 (EEST)"}
{"level":"info","message":"From post request : \"{\\\"name\\\":\\\"notvova\\\",\\\"birth\\\":\\\"1996-11-12\\\"}\"","timestamp":"Tue May 24 2016 22:59:07 GMT+0300 (EEST)"}
{"level":"info","message":"File Saved! : \"{\\\"name\\\":\\\"notvova\\\",\\\"birth\\\":\\\"1996-11-12\\\"}\"","timestamp":"Tue May 24 2016 22:59:07 GMT+0300 (EEST)"}
{"level":"info","message":"response : res.code - 200| res.sendDate - true","timestamp":"Tue May 24 2016 22:59:07 GMT+0300 (EEST)"}
{"level":"info","message":"request: method - GET | url - /person","timestamp":"Tue May 24 2016 22:59:11 GMT+0300 (EEST)"}
{"level":"info","message":"Get from cashe : \"{\\\"name\\\":\\\"notvova\\\",\\\"birth\\\":\\\"1996-11-12\\\"}\"","timestamp":"Tue May 24 2016 22:59:11 GMT+0300 (EEST)"}
{"level":"info","message":"response : res.code - 200| res.sendDate - true","timestamp":"Tue May 24 2016 22:59:11 GMT+0300 (EEST)"}
{"level":"info","message":"Data from person Handler : \"{\\\"name\\\":\\\"notvova\\\",\\\"age\\\":19}\"","timestamp":"Tue May 24 2016 22:59:11 GMT+0300 (EEST)"}
{"level":"info","message":"response : res.code - 200| res.sendDate - true","timestamp":"Tue May 24 2016 22:59:11 GMT+0300 (EEST)"}
{"level":"info","message":"request: method - GET | url - /favicon.ico","timestamp":"Tue May 24 2016 22:59:11 GMT+0300 (EEST)"}
{"level":"info","message":"request: method - GET | url - /person","timestamp":"Tue May 24 2016 22:59:13 GMT+0300 (EEST)"}
{"level":"info","message":"Get from cashe : \"{\\\"name\\\":\\\"notvova\\\",\\\"age\\\":19}\"","timestamp":"Tue May 24 2016 22:59:13 GMT+0300 (EEST)"}
{"level":"info","message":"response : res.code - 200| res.sendDate - true","timestamp":"Tue May 24 2016 22:59:13 GMT+0300 (EEST)"}
{"level":"info","message":"Data from person Handler : \"{\\\"name\\\":\\\"notvova\\\",\\\"age\\\":19}\"","timestamp":"Tue May 24 2016 22:59:13 GMT+0300 (EEST)"}
{"level":"info","message":"response : res.code - 200| res.sendDate - true","timestamp":"Tue May 24 2016 22:59:13 GMT+0300 (EEST)"}
{"level":"info","message":"request: method - GET | url - /favicon.ico","timestamp":"Tue May 24 2016 22:59:14 GMT+0300 (EEST)"}
{"level":"info","message":"request: method - GET | url - /person","timestamp":"Tue May 24 2016 22:59:15 GMT+0300 (EEST)"}
{"level":"info","message":"Get from cashe : \"{\\\"name\\\":\\\"notvova\\\",\\\"age\\\":19}\"","timestamp":"Tue May 24 2016 22:59:15 GMT+0300 (EEST)"}
{"level":"info","message":"response : res.code - 200| res.sendDate - true","timestamp":"Tue May 24 2016 22:59:15 GMT+0300 (EEST)"}
{"level":"info","message":"Data from person Handler : \"{\\\"name\\\":\\\"notvova\\\",\\\"age\\\":19}\"","timestamp":"Tue May 24 2016 22:59:15 GMT+0300 (EEST)"}
{"level":"info","message":"response : res.code - 200| res.sendDate - true","timestamp":"Tue May 24 2016 22:59:15 GMT+0300 (EEST)"}
{"level":"info","message":"request: method - GET | url - /favicon.ico","timestamp":"Tue May 24 2016 22:59:15 GMT+0300 (EEST)"}
uest: method - GET | url - /person","timestamp":"Thu Apr 28 2016 10:50:47 GMT+0300 (EEST)"}
{"level":"info","message":"Get from cashe : \"{\\\"name\\\":\\\"notvova\\\",\\\"age\\\":19}\"","timestamp":"Thu Apr 28 2016 10:50:47 GMT+0300 (EEST)"}
{"level":"info","message":"response : res.code - 200| res.sendDate - true","timestamp":"Thu Apr 28 2016 10:50:47 GMT+0300 (EEST)"}
{"level":"info","message":"Data from person Handler : \"{\\\"name\\\":\\\"notvova\\\",\\\"age\\\":19}\"","timestamp":"Thu Apr 28 2016 10:50:47 GMT+0300 (EEST)"}
{"level":"info","message":"response : res.code - 200| res.sendDate - true","timestamp":"Thu Apr 28 2016 10:50:47 GMT+0300 (EEST)"}
{"level":"info","message":"request: method - GET | url - /favicon.ico","timestamp":"Thu Apr 28 2016 10:50:47 GMT+0300 (EEST)"}
{"level":"info","message":"request: method - GET | url - /favicon.ico","timestamp":"Thu Apr 28 2016 10:52:47 GMT+0300 (EEST)"}
